SonarQube plugins:
  - Python Code Quality and Security 3.13.0.9611 (python)
  - Go Code Quality and Security 1.9.0.3429 (go)
  - JaCoCo 1.1.1.1157 (jacoco)
  - Kotlin Code Quality and Security 2.9.0.1147 (kotlin)
  - IaC Code Quality and Security 1.7.0.2012 (iac)
  - JavaScript/TypeScript/CSS Code Quality and Security 9.3.0.18033 (javascript)
  - Ruby Code Quality and Security 1.9.0.3429 (ruby)
  - Scala Code Quality and Security 1.9.0.3429 (sonarscala)
  - C# Code Quality and Security 8.40.0.48530 (csharp)
  - Java Code Quality and Security 7.12.0.29739 (java)
  - HTML Code Quality and Security 3.6.0.3106 (web)
  - Flex Code Quality and Security 2.7.0.2865 (flex)
  - XML Code Quality and Security 2.5.0.3376 (xml)
  - PHP Code Quality and Security 3.23.1.8766 (php)
  - Text file Code Quality and Security 1.1.0.282 (text)
  - VB.NET Code Quality and Security 8.40.0.48530 (vbnet)
  - Configuration detection fot Code Quality and Security 1.2.0.267 (config)
Global server settings:
  - sonar.core.id=147B411E-AYIh4w_sQTSOBTP2stR9
  - sonar.core.startTime=2022-07-21T23:21:44+0530
  - sonar.forceAuthentication=true
Project server settings:
Project scanner properties:
  - sonar.host.url=http://localhost:9000
  - sonar.java.binaries=/Users/kapil/Desktop/projects/java/spring-boot-demo/LLDCaseStudies/out/production/DesignABird,/Users/kapil/Desktop/projects/java/spring-boot-demo/LLDCaseStudies/out/production/ParkingLot,/Users/kapil/Desktop/projects/java/spring-boot-demo/LLDCaseStudies/out/production/Concepts,/Users/kapil/Desktop/projects/java/spring-boot-demo/LLDCaseStudies/out/production/DesignPatterns,/Users/kapil/Desktop/projects/java/spring-boot-demo/LLDCaseStudies/out/production/SplitWise,/Users/kapil/Desktop/projects/java/spring-boot-demo/LLDCaseStudies/Experiment/target/classes,/Users/kapil/Desktop/projects/java/spring-boot-demo/LLDCaseStudies/DSA/target/classes,/Users/kapil/Desktop/projects/java/spring-boot-demo/LLDCaseStudies/Scaler-schema/target/classes,/Users/kapil/Desktop/projects/java/spring-boot-demo/LLDCaseStudies/netflix-schema/target/classes,/Users/kapil/Desktop/projects/java/spring-boot-demo/LLDCaseStudies/DesignAPen/target/classes,/Users/kapil/Desktop/projects/java/spring-boot-demo/LLDCaseStudie...
  - sonar.java.libraries=/Users/kapil/.m2/repository/org/projectlombok/lombok/1.18.12/lombok-1.18.12.jar,/Users/kapil/.m2/repository/org/springframework/boot/spring-boot-starter-data-jpa/2.7.1/spring-boot-starter-data-jpa-2.7.1.jar,/Users/kapil/.m2/repository/org/springframework/boot/spring-boot-starter-aop/2.7.1/spring-boot-starter-aop-2.7.1.jar,/Users/kapil/.m2/repository/org/springframework/spring-aop/5.3.21/spring-aop-5.3.21.jar,/Users/kapil/.m2/repository/org/aspectj/aspectjweaver/1.9.7/aspectjweaver-1.9.7.jar,/Users/kapil/.m2/repository/org/springframework/boot/spring-boot-starter-jdbc/2.7.1/spring-boot-starter-jdbc-2.7.1.jar,/Users/kapil/.m2/repository/com/zaxxer/HikariCP/4.0.3/HikariCP-4.0.3.jar,/Users/kapil/.m2/repository/org/springframework/spring-jdbc/5.3.21/spring-jdbc-5.3.21.jar,/Users/kapil/.m2/repository/jakarta/transaction/jakarta.transaction-api/1.3.3/jakarta.transaction-api-1.3.3.jar,/Users/kapil/.m2/repository/jakarta/persistence/jakarta.persistence-api/2.2.3/jakarta.persistence-api-2.2.3...
  - sonar.java.source=8
  - sonar.login=******
  - sonar.projectBaseDir=/Users/kapil/Desktop/projects/java/spring-boot-demo/LLDCaseStudies
  - sonar.projectKey=SonarAnalyzer:LLDCaseStudies
  - sonar.scanner.app=Intellij Sonar plugin
  - sonar.scanner.appVersion=0.2.2
  - sonar.sourceEncoding=UTF-8
  - sonar.sources=/Users/kapil/Desktop/projects/java/spring-boot-demo/LLDCaseStudies/src,/Users/kapil/Desktop/projects/java/spring-boot-demo/LLDCaseStudies/DesignABird/src,/Users/kapil/Desktop/projects/java/spring-boot-demo/LLDCaseStudies/ParkingLot/src,/Users/kapil/Desktop/projects/java/spring-boot-demo/LLDCaseStudies/Concepts/src,/Users/kapil/Desktop/projects/java/spring-boot-demo/LLDCaseStudies/DesignPatterns/src,/Users/kapil/Desktop/projects/java/spring-boot-demo/LLDCaseStudies/SplitWise/src,/Users/kapil/Desktop/projects/java/spring-boot-demo/LLDCaseStudies/TaxCalculation/src/main/java,/Users/kapil/Desktop/projects/java/spring-boot-demo/LLDCaseStudies/TaxCalculation/src/main/resources,/Users/kapil/Desktop/projects/java/spring-boot-demo/LLDCaseStudies/Experiment/src/main/resources,/Users/kapil/Desktop/projects/java/spring-boot-demo/LLDCaseStudies/Experiment/src/main/java,/Users/kapil/Desktop/projects/java/spring-boot-demo/LLDCaseStudies/DSA/src/main/java,/Users/kapil/Desktop/projects/java/spring-b...
  - sonar.tests=
  - sonar.working.directory=/Users/kapil/Desktop/projects/java/spring-boot-demo/LLDCaseStudies/.idea/SonarAnalyzer/.scannerwork
